2016-04-30 22:14:17  [ com.game.Teris.<init>(Teris.java:63):main:0 ] - [ INFO ]  The game initial with 30 rows, 15 columns.
2016-04-30 22:14:17  [ com.game.Teris.createComponent(Teris.java:95):main:37 ] - [ INFO ]  createComponent sucessed
2016-04-30 22:14:17  [ com.game.shape.ReverseSevenShape.<init>(ReverseSevenShape.java:15):main:44 ] - [ INFO ]  ReverseSevenShape created with RIGHT
2016-04-30 22:14:17  [ com.game.Teris.loadShape(Teris.java:118):main:45 ] - [ INFO ]  REVERSESEVEN
2016-04-30 22:14:20  [ com.game.Teris$1.actionPerformed(Teris.java:140):AWT-EventQueue-0:2933 ] - [ INFO ]  timer start.
2016-04-30 22:14:23  [ com.game.shape.ReverseSevenShape.changeShape(ReverseSevenShape.java:51):AWT-EventQueue-0:5885 ] - [ INFO ]  ChairShape chaged to with DOWN
2016-04-30 22:14:23  [ com.game.Teris$2.keyPressed(Teris.java:179):AWT-EventQueue-0:5886 ] - [ INFO ]  current speed:1000
2016-04-30 22:14:23  [ com.game.shape.ReverseSevenShape.changeShape(ReverseSevenShape.java:51):AWT-EventQueue-0:6268 ] - [ INFO ]  ChairShape chaged to with LEFT
2016-04-30 22:14:23  [ com.game.Teris$2.keyPressed(Teris.java:179):AWT-EventQueue-0:6269 ] - [ INFO ]  current speed:1000
2016-04-30 22:14:23  [ com.game.shape.ReverseSevenShape.changeShape(ReverseSevenShape.java:51):AWT-EventQueue-0:6494 ] - [ INFO ]  ChairShape chaged to with TOP
2016-04-30 22:14:24  [ com.game.Teris$2.keyPressed(Teris.java:179):AWT-EventQueue-0:6495 ] - [ INFO ]  current speed:1000
2016-04-30 22:14:24  [ com.game.shape.ReverseSevenShape.changeShape(ReverseSevenShape.java:51):AWT-EventQueue-0:6774 ] - [ INFO ]  ChairShape chaged to with RIGHT
2016-04-30 22:14:24  [ com.game.Teris$2.keyPressed(Teris.java:179):AWT-EventQueue-0:6774 ] - [ INFO ]  current speed:1000
2016-04-30 22:14:24  [ com.game.shape.ReverseSevenShape.changeShape(ReverseSevenShape.java:51):AWT-EventQueue-0:7047 ] - [ INFO ]  ChairShape chaged to with DOWN
2016-04-30 22:14:24  [ com.game.Teris$2.keyPressed(Teris.java:179):AWT-EventQueue-0:7048 ] - [ INFO ]  current speed:1000
2016-04-30 22:14:24  [ com.game.shape.ReverseSevenShape.changeShape(ReverseSevenShape.java:51):AWT-EventQueue-0:7247 ] - [ INFO ]  ChairShape chaged to with LEFT
2016-04-30 22:14:24  [ com.game.Teris$2.keyPressed(Teris.java:179):AWT-EventQueue-0:7249 ] - [ INFO ]  current speed:1000
2016-04-30 22:14:24  [ com.game.shape.ReverseSevenShape.changeShape(ReverseSevenShape.java:51):AWT-EventQueue-0:7432 ] - [ INFO ]  ChairShape chaged to with TOP
2016-04-30 22:14:24  [ com.game.Teris$2.keyPressed(Teris.java:179):AWT-EventQueue-0:7433 ] - [ INFO ]  current speed:1000
2016-04-30 22:14:25  [ com.game.shape.ReverseSevenShape.changeShape(ReverseSevenShape.java:51):AWT-EventQueue-0:7642 ] - [ INFO ]  ChairShape chaged to with RIGHT
2016-04-30 22:14:25  [ com.game.Teris$2.keyPressed(Teris.java:179):AWT-EventQueue-0:7642 ] - [ INFO ]  current speed:1000
2016-04-30 22:14:25  [ com.game.shape.ReverseSevenShape.changeShape(ReverseSevenShape.java:51):AWT-EventQueue-0:7823 ] - [ INFO ]  ChairShape chaged to with DOWN
2016-04-30 22:14:25  [ com.game.Teris$2.keyPressed(Teris.java:179):AWT-EventQueue-0:7823 ] - [ INFO ]  current speed:1000
2016-04-30 22:14:25  [ com.game.shape.ReverseSevenShape.changeShape(ReverseSevenShape.java:51):AWT-EventQueue-0:8000 ] - [ INFO ]  ChairShape chaged to with LEFT
2016-04-30 22:14:25  [ com.game.Teris$2.keyPressed(Teris.java:179):AWT-EventQueue-0:8000 ] - [ INFO ]  current speed:1000
2016-04-30 22:14:25  [ com.game.shape.ReverseSevenShape.changeShape(ReverseSevenShape.java:51):AWT-EventQueue-0:8185 ] - [ INFO ]  ChairShape chaged to with TOP
2016-04-30 22:14:25  [ com.game.Teris$2.keyPressed(Teris.java:179):AWT-EventQueue-0:8185 ] - [ INFO ]  current speed:1000
2016-04-30 22:14:25  [ com.game.shape.ReverseSevenShape.changeShape(ReverseSevenShape.java:51):AWT-EventQueue-0:8389 ] - [ INFO ]  ChairShape chaged to with RIGHT
2016-04-30 22:14:25  [ com.game.Teris$2.keyPressed(Teris.java:179):AWT-EventQueue-0:8390 ] - [ INFO ]  current speed:1000
2016-04-30 22:14:26  [ com.game.shape.ReverseSevenShape.changeShape(ReverseSevenShape.java:51):AWT-EventQueue-0:8575 ] - [ INFO ]  ChairShape chaged to with DOWN
2016-04-30 22:14:26  [ com.game.Teris$2.keyPressed(Teris.java:179):AWT-EventQueue-0:8575 ] - [ INFO ]  current speed:1000
2016-04-30 22:14:26  [ com.game.shape.ReverseSevenShape.changeShape(ReverseSevenShape.java:51):AWT-EventQueue-0:8814 ] - [ INFO ]  ChairShape chaged to with LEFT
2016-04-30 22:14:26  [ com.game.Teris$2.keyPressed(Teris.java:179):AWT-EventQueue-0:8815 ] - [ INFO ]  current speed:1000
2016-04-30 22:14:26  [ com.game.shape.ReverseSevenShape.changeShape(ReverseSevenShape.java:51):AWT-EventQueue-0:9145 ] - [ INFO ]  ChairShape chaged to with TOP
2016-04-30 22:14:26  [ com.game.Teris$2.keyPressed(Teris.java:179):AWT-EventQueue-0:9146 ] - [ INFO ]  current speed:1000
2016-04-30 22:14:26  [ com.game.Teris$2.keyPressed(Teris.java:179):AWT-EventQueue-0:9398 ] - [ INFO ]  current speed:1000
2016-04-30 22:14:27  [ com.game.Teris$2.keyPressed(Teris.java:179):AWT-EventQueue-0:9900 ] - [ INFO ]  current speed:1000
2016-04-30 22:14:27  [ com.game.Teris$2.keyPressed(Teris.java:179):AWT-EventQueue-0:9983 ] - [ INFO ]  current speed:1000
2016-04-30 22:14:27  [ com.game.Teris$2.keyPressed(Teris.java:179):AWT-EventQueue-0:10068 ] - [ INFO ]  current speed:1000
2016-04-30 22:14:27  [ com.game.Teris$2.keyPressed(Teris.java:179):AWT-EventQueue-0:10153 ] - [ INFO ]  current speed:1000
2016-04-30 22:14:27  [ com.game.Teris$2.keyPressed(Teris.java:179):AWT-EventQueue-0:10237 ] - [ INFO ]  current speed:1000
2016-04-30 22:14:27  [ com.game.Teris$2.keyPressed(Teris.java:179):AWT-EventQueue-0:10324 ] - [ INFO ]  current speed:1000
2016-04-30 22:14:27  [ com.game.Teris$2.keyPressed(Teris.java:179):AWT-EventQueue-0:10407 ] - [ INFO ]  current speed:1000
2016-04-30 22:14:27  [ com.game.Teris$2.keyPressed(Teris.java:179):AWT-EventQueue-0:10438 ] - [ INFO ]  current speed:500
2016-04-30 22:14:28  [ com.game.Teris$2.keyPressed(Teris.java:179):AWT-EventQueue-0:10939 ] - [ INFO ]  current speed:250
2016-04-30 22:14:28  [ com.game.Teris$2.keyPressed(Teris.java:179):AWT-EventQueue-0:11024 ] - [ INFO ]  current speed:125
2016-04-30 22:14:28  [ com.game.Teris$2.keyPressed(Teris.java:179):AWT-EventQueue-0:11109 ] - [ INFO ]  current speed:62
2016-04-30 22:14:28  [ com.game.Teris$2.keyPressed(Teris.java:179):AWT-EventQueue-0:11192 ] - [ INFO ]  current speed:31
2016-04-30 22:14:28  [ com.game.Teris$2.keyPressed(Teris.java:179):AWT-EventQueue-0:11276 ] - [ INFO ]  current speed:15
2016-04-30 22:14:28  [ com.game.Teris$2.keyPressed(Teris.java:179):AWT-EventQueue-0:11365 ] - [ INFO ]  current speed:7
2016-04-30 22:14:28  [ com.game.Teris$2.keyPressed(Teris.java:179):AWT-EventQueue-0:11453 ] - [ INFO ]  current speed:3
2016-04-30 22:14:29  [ com.game.Teris$2.keyPressed(Teris.java:179):AWT-EventQueue-0:11540 ] - [ INFO ]  current speed:1
2016-04-30 22:14:29  [ com.game.shape.ReverseChairShpae.<init>(ReverseChairShpae.java:15):AWT-EventQueue-0:11566 ] - [ INFO ]  ReverseChairShpae created with HORIZONTAL
2016-04-30 22:14:29  [ com.game.Teris.loadShape(Teris.java:118):AWT-EventQueue-0:11566 ] - [ INFO ]  REVERSECHAIR
2016-04-30 22:14:29  [ com.game.Teris$2.keyPressed(Teris.java:179):AWT-EventQueue-0:11612 ] - [ INFO ]  current speed:500
2016-04-30 22:16:26  [ com.game.Teris.<init>(Teris.java:63):main:0 ] - [ INFO ]  The game initial with 30 rows, 15 columns.
2016-04-30 22:16:26  [ com.game.Teris.createComponent(Teris.java:95):main:21 ] - [ INFO ]  createComponent sucessed
2016-04-30 22:16:26  [ com.game.shape.SevenShape.<init>(SevenShape.java:15):main:31 ] - [ INFO ]  SevenShape created with LEFT
2016-04-30 22:16:26  [ com.game.Teris.loadShape(Teris.java:118):main:31 ] - [ INFO ]  SEVEN
2016-04-30 22:16:29  [ com.game.Teris$1.actionPerformed(Teris.java:140):AWT-EventQueue-0:2974 ] - [ INFO ]  timer start.
2016-04-30 22:16:32  [ com.game.Teris$2.keyPressed(Teris.java:179):AWT-EventQueue-0:5211 ] - [ INFO ]  current speed:500
2016-04-30 22:16:32  [ com.game.Teris$2.keyPressed(Teris.java:179):AWT-EventQueue-0:5706 ] - [ INFO ]  current speed:250
2016-04-30 22:16:32  [ com.game.Teris$2.keyPressed(Teris.java:179):AWT-EventQueue-0:5790 ] - [ INFO ]  current speed:125
2016-04-30 22:16:32  [ com.game.Teris$2.keyPressed(Teris.java:179):AWT-EventQueue-0:5874 ] - [ INFO ]  current speed:62
2016-04-30 22:16:32  [ com.game.Teris$2.keyPressed(Teris.java:179):AWT-EventQueue-0:5958 ] - [ INFO ]  current speed:31
2016-04-30 22:16:32  [ com.game.Teris$2.keyPressed(Teris.java:179):AWT-EventQueue-0:6042 ] - [ INFO ]  current speed:15
2016-04-30 22:16:32  [ com.game.Teris$2.keyPressed(Teris.java:179):AWT-EventQueue-0:6132 ] - [ INFO ]  current speed:7
2016-04-30 22:16:33  [ com.game.Teris$2.keyPressed(Teris.java:179):AWT-EventQueue-0:6231 ] - [ INFO ]  current speed:3
2016-04-30 22:16:33  [ com.game.Teris$2.keyPressed(Teris.java:179):AWT-EventQueue-0:6307 ] - [ INFO ]  current speed:1
2016-04-30 22:16:33  [ com.game.Teris$2.keyPressed(Teris.java:179):AWT-EventQueue-0:6387 ] - [ INFO ]  current speed:10
2016-04-30 22:16:33  [ com.game.shape.ReverseSevenShape.<init>(ReverseSevenShape.java:15):AWT-EventQueue-0:6445 ] - [ INFO ]  ReverseSevenShape created with RIGHT
2016-04-30 22:16:33  [ com.game.Teris.loadShape(Teris.java:118):AWT-EventQueue-0:6446 ] - [ INFO ]  REVERSESEVEN
2016-04-30 22:16:33  [ com.game.Teris$2.keyPressed(Teris.java:179):AWT-EventQueue-0:6879 ] - [ INFO ]  current speed:500
2016-04-30 22:16:34  [ com.game.Teris$2.keyPressed(Teris.java:179):AWT-EventQueue-0:7380 ] - [ INFO ]  current speed:250
2016-04-30 22:16:34  [ com.game.Teris$2.keyPressed(Teris.java:179):AWT-EventQueue-0:7475 ] - [ INFO ]  current speed:125
2016-04-30 22:16:34  [ com.game.Teris$2.keyPressed(Teris.java:179):AWT-EventQueue-0:7548 ] - [ INFO ]  current speed:62
2016-04-30 22:16:34  [ com.game.Teris$2.keyPressed(Teris.java:179):AWT-EventQueue-0:7633 ] - [ INFO ]  current speed:31
2016-04-30 22:16:34  [ com.game.Teris$2.keyPressed(Teris.java:179):AWT-EventQueue-0:7728 ] - [ INFO ]  current speed:15
2016-04-30 22:16:34  [ com.game.Teris$2.keyPressed(Teris.java:179):AWT-EventQueue-0:7813 ] - [ INFO ]  current speed:7
2016-04-30 22:16:34  [ com.game.Teris$2.keyPressed(Teris.java:179):AWT-EventQueue-0:7890 ] - [ INFO ]  current speed:3
2016-04-30 22:16:34  [ com.game.Teris$2.keyPressed(Teris.java:179):AWT-EventQueue-0:7978 ] - [ INFO ]  current speed:1
2016-04-30 22:16:34  [ com.game.shape.ChairShape.<init>(ChairShape.java:15):AWT-EventQueue-0:8048 ] - [ INFO ]  ChairShape created with HORIZONTAL
2016-04-30 22:16:34  [ com.game.Teris.loadShape(Teris.java:118):AWT-EventQueue-0:8048 ] - [ INFO ]  CHAIR
2016-04-30 22:16:34  [ com.game.Teris$2.keyPressed(Teris.java:179):AWT-EventQueue-0:8053 ] - [ INFO ]  current speed:500
2016-04-30 22:16:35  [ com.game.Teris$2.keyPressed(Teris.java:179):AWT-EventQueue-0:8512 ] - [ INFO ]  current speed:250
2016-04-30 22:16:35  [ com.game.Teris$2.keyPressed(Teris.java:179):AWT-EventQueue-0:9013 ] - [ INFO ]  current speed:125
2016-04-30 22:16:35  [ com.game.Teris$2.keyPressed(Teris.java:179):AWT-EventQueue-0:9096 ] - [ INFO ]  current speed:62
2016-04-30 22:16:36  [ com.game.Teris$2.keyPressed(Teris.java:179):AWT-EventQueue-0:9181 ] - [ INFO ]  current speed:31
2016-04-30 22:16:36  [ com.game.Teris$2.keyPressed(Teris.java:179):AWT-EventQueue-0:9269 ] - [ INFO ]  current speed:15
2016-04-30 22:16:36  [ com.game.Teris$2.keyPressed(Teris.java:179):AWT-EventQueue-0:9353 ] - [ INFO ]  current speed:7
2016-04-30 22:16:36  [ com.game.Teris$2.keyPressed(Teris.java:179):AWT-EventQueue-0:9439 ] - [ INFO ]  current speed:3
2016-04-30 22:16:36  [ com.game.Teris$2.keyPressed(Teris.java:179):AWT-EventQueue-0:9521 ] - [ INFO ]  current speed:1
2016-04-30 22:16:36  [ com.game.shape.ChairShape.<init>(ChairShape.java:15):AWT-EventQueue-0:9535 ] - [ INFO ]  ChairShape created with HORIZONTAL
2016-04-30 22:16:36  [ com.game.Teris.loadShape(Teris.java:118):AWT-EventQueue-0:9536 ] - [ INFO ]  CHAIR
2016-04-30 22:16:36  [ com.game.Teris$2.keyPressed(Teris.java:179):AWT-EventQueue-0:9599 ] - [ INFO ]  current speed:500
2016-04-30 22:16:36  [ com.game.Teris$2.keyPressed(Teris.java:179):AWT-EventQueue-0:9686 ] - [ INFO ]  current speed:250
2016-04-30 22:16:36  [ com.game.Teris$2.keyPressed(Teris.java:179):AWT-EventQueue-0:9769 ] - [ INFO ]  current speed:125
2016-04-30 22:16:36  [ com.game.Teris$2.keyPressed(Teris.java:179):AWT-EventQueue-0:10052 ] - [ INFO ]  current speed:62
2016-04-30 22:16:37  [ com.game.Teris$2.keyPressed(Teris.java:179):AWT-EventQueue-0:10554 ] - [ INFO ]  current speed:31
2016-04-30 22:16:37  [ com.game.Teris$2.keyPressed(Teris.java:179):AWT-EventQueue-0:10637 ] - [ INFO ]  current speed:15
2016-04-30 22:16:37  [ com.game.Teris$2.keyPressed(Teris.java:179):AWT-EventQueue-0:10726 ] - [ INFO ]  current speed:7
2016-04-30 22:16:37  [ com.game.Teris$2.keyPressed(Teris.java:179):AWT-EventQueue-0:10813 ] - [ INFO ]  current speed:3
2016-04-30 22:16:37  [ com.game.Teris$2.keyPressed(Teris.java:179):AWT-EventQueue-0:10904 ] - [ INFO ]  current speed:1
2016-04-30 22:16:37  [ com.game.Teris.loadShape(Teris.java:118):AWT-EventQueue-0:10915 ] - [ INFO ]  SQURE
2016-04-30 22:16:37  [ com.game.Teris$2.keyPressed(Teris.java:179):AWT-EventQueue-0:10970 ] - [ INFO ]  current speed:500
2016-04-30 22:16:37  [ com.game.Teris$2.keyPressed(Teris.java:179):AWT-EventQueue-0:11055 ] - [ INFO ]  current speed:250
2016-04-30 22:16:37  [ com.game.Teris$2.keyPressed(Teris.java:179):AWT-EventQueue-0:11138 ] - [ INFO ]  current speed:125
2016-04-30 22:16:38  [ com.game.Teris$2.keyPressed(Teris.java:179):AWT-EventQueue-0:11222 ] - [ INFO ]  current speed:62
2016-04-30 22:16:38  [ com.game.Teris$2.keyPressed(Teris.java:179):AWT-EventQueue-0:11307 ] - [ INFO ]  current speed:31
2016-04-30 22:16:38  [ com.game.Teris$2.keyPressed(Teris.java:179):AWT-EventQueue-0:11392 ] - [ INFO ]  current speed:15
2016-04-30 22:16:39  [ com.game.shape.LongShape.<init>(LongShape.java:15):AWT-EventQueue-0:12219 ] - [ INFO ]  LongShape created with HORIZONTAL
2016-04-30 22:16:39  [ com.game.Teris.loadShape(Teris.java:118):AWT-EventQueue-0:12220 ] - [ INFO ]  LONG
2016-04-30 22:17:04  [ com.game.Teris.<init>(Teris.java:63):main:0 ] - [ INFO ]  The game initial with 30 rows, 15 columns.
2016-04-30 22:17:04  [ com.game.Teris.createComponent(Teris.java:95):main:25 ] - [ INFO ]  createComponent sucessed
2016-04-30 22:17:04  [ com.game.shape.ChairShape.<init>(ChairShape.java:15):main:31 ] - [ INFO ]  ChairShape created with HORIZONTAL
2016-04-30 22:17:04  [ com.game.Teris.loadShape(Teris.java:118):main:31 ] - [ INFO ]  CHAIR
2016-04-30 22:17:07  [ com.game.Teris$1.actionPerformed(Teris.java:140):AWT-EventQueue-0:2179 ] - [ INFO ]  timer start.
2016-04-30 22:17:07  [ com.game.Teris$2.keyPressed(Teris.java:179):AWT-EventQueue-0:3039 ] - [ INFO ]  current speed:500
2016-04-30 22:17:08  [ com.game.Teris$2.keyPressed(Teris.java:179):AWT-EventQueue-0:3534 ] - [ INFO ]  current speed:250
2016-04-30 22:17:08  [ com.game.Teris$2.keyPressed(Teris.java:179):AWT-EventQueue-0:3617 ] - [ INFO ]  current speed:125
2016-04-30 22:17:08  [ com.game.Teris$2.keyPressed(Teris.java:179):AWT-EventQueue-0:3704 ] - [ INFO ]  current speed:62
2016-04-30 22:17:08  [ com.game.Teris$2.keyPressed(Teris.java:179):AWT-EventQueue-0:3784 ] - [ INFO ]  current speed:31
2016-04-30 22:17:08  [ com.game.Teris$2.keyPressed(Teris.java:179):AWT-EventQueue-0:3868 ] - [ INFO ]  current speed:15
2016-04-30 22:17:08  [ com.game.Teris$2.keyPressed(Teris.java:179):AWT-EventQueue-0:3968 ] - [ INFO ]  current speed:7
2016-04-30 22:17:08  [ com.game.Teris$2.keyPressed(Teris.java:179):AWT-EventQueue-0:4044 ] - [ INFO ]  current speed:3
2016-04-30 22:17:09  [ com.game.shape.SevenShape.<init>(SevenShape.java:15):AWT-EventQueue-0:4318 ] - [ INFO ]  SevenShape created with LEFT
2016-04-30 22:17:09  [ com.game.Teris.loadShape(Teris.java:118):AWT-EventQueue-0:4318 ] - [ INFO ]  SEVEN
2016-04-30 22:17:09  [ com.game.Teris$2.keyPressed(Teris.java:179):AWT-EventQueue-0:4689 ] - [ INFO ]  current speed:500
2016-04-30 22:17:10  [ com.game.Teris$2.keyPressed(Teris.java:179):AWT-EventQueue-0:5189 ] - [ INFO ]  current speed:250
2016-04-30 22:17:10  [ com.game.Teris$2.keyPressed(Teris.java:179):AWT-EventQueue-0:5273 ] - [ INFO ]  current speed:125
2016-04-30 22:17:10  [ com.game.Teris$2.keyPressed(Teris.java:179):AWT-EventQueue-0:5357 ] - [ INFO ]  current speed:62
2016-04-30 22:17:10  [ com.game.Teris$2.keyPressed(Teris.java:179):AWT-EventQueue-0:5440 ] - [ INFO ]  current speed:31
2016-04-30 22:17:10  [ com.game.Teris$2.keyPressed(Teris.java:179):AWT-EventQueue-0:5523 ] - [ INFO ]  current speed:15
2016-04-30 22:17:10  [ com.game.Teris$2.keyPressed(Teris.java:179):AWT-EventQueue-0:5618 ] - [ INFO ]  current speed:7
2016-04-30 22:17:10  [ com.game.Teris$2.keyPressed(Teris.java:179):AWT-EventQueue-0:5698 ] - [ INFO ]  current speed:3
2016-04-30 22:17:10  [ com.game.Teris$2.keyPressed(Teris.java:179):AWT-EventQueue-0:5774 ] - [ INFO ]  current speed:1
2016-04-30 22:17:10  [ com.game.Teris$2.keyPressed(Teris.java:179):AWT-EventQueue-0:5875 ] - [ INFO ]  current speed:10
2016-04-30 22:17:10  [ com.game.Teris.loadShape(Teris.java:118):AWT-EventQueue-0:5877 ] - [ INFO ]  SQURE
2016-04-30 22:17:10  [ com.game.Teris$2.keyPressed(Teris.java:179):AWT-EventQueue-0:5942 ] - [ INFO ]  current speed:500
2016-04-30 22:17:10  [ com.game.Teris$2.keyPressed(Teris.java:179):AWT-EventQueue-0:6026 ] - [ INFO ]  current speed:250
2016-04-30 22:17:10  [ com.game.Teris$2.keyPressed(Teris.java:179):AWT-EventQueue-0:6111 ] - [ INFO ]  current speed:125
2016-04-30 22:17:11  [ com.game.Teris$2.keyPressed(Teris.java:179):AWT-EventQueue-0:6195 ] - [ INFO ]  current speed:62
2016-04-30 22:17:11  [ com.game.Teris$2.keyPressed(Teris.java:179):AWT-EventQueue-0:7050 ] - [ INFO ]  current speed:31
2016-04-30 22:17:12  [ com.game.Teris.loadShape(Teris.java:118):AWT-EventQueue-0:7800 ] - [ INFO ]  SQURE
2016-04-30 22:17:18  [ com.game.Teris$2.keyPressed(Teris.java:179):AWT-EventQueue-0:13405 ] - [ INFO ]  current speed:1000
2016-04-30 22:20:32  [ com.game.Teris.<init>(Teris.java:63):main:0 ] - [ INFO ]  The game initial with 30 rows, 15 columns.
2016-04-30 22:20:32  [ com.game.Teris.createComponent(Teris.java:95):main:23 ] - [ INFO ]  createComponent sucessed
2016-04-30 22:20:32  [ com.game.shape.SevenShape.<init>(SevenShape.java:15):main:29 ] - [ INFO ]  SevenShape created with LEFT
2016-04-30 22:20:32  [ com.game.Teris.loadShape(Teris.java:118):main:29 ] - [ INFO ]  SEVEN
2016-04-30 22:20:34  [ com.game.Teris$1.actionPerformed(Teris.java:140):AWT-EventQueue-0:2292 ] - [ INFO ]  timer start.
2016-04-30 22:20:38  [ com.game.shape.SevenShape.changeShape(SevenShape.java:51):AWT-EventQueue-0:6678 ] - [ INFO ]  ChairShape chaged to with TOP
2016-04-30 22:20:38  [ com.game.Teris$2.keyPressed(Teris.java:179):AWT-EventQueue-0:6678 ] - [ INFO ]  current speed:1000
2016-04-30 22:20:39  [ com.game.shape.SevenShape.changeShape(SevenShape.java:51):AWT-EventQueue-0:7000 ] - [ INFO ]  ChairShape chaged to with RIGHT
2016-04-30 22:20:39  [ com.game.Teris$2.keyPressed(Teris.java:179):AWT-EventQueue-0:7000 ] - [ INFO ]  current speed:1000
2016-04-30 22:20:39  [ com.game.Teris$2.keyPressed(Teris.java:179):AWT-EventQueue-0:7579 ] - [ INFO ]  current speed:1000
2016-04-30 22:20:40  [ com.game.Teris$2.keyPressed(Teris.java:179):AWT-EventQueue-0:8080 ] - [ INFO ]  current speed:1000
2016-04-30 22:20:40  [ com.game.Teris$2.keyPressed(Teris.java:179):AWT-EventQueue-0:8165 ] - [ INFO ]  current speed:1000
2016-04-30 22:20:40  [ com.game.Teris$2.keyPressed(Teris.java:179):AWT-EventQueue-0:8248 ] - [ INFO ]  current speed:1000
2016-04-30 22:20:40  [ com.game.Teris$2.keyPressed(Teris.java:179):AWT-EventQueue-0:8333 ] - [ INFO ]  current speed:1000
2016-04-30 22:20:40  [ com.game.Teris$2.keyPressed(Teris.java:179):AWT-EventQueue-0:8415 ] - [ INFO ]  current speed:1000
2016-04-30 22:20:40  [ com.game.Teris$2.keyPressed(Teris.java:179):AWT-EventQueue-0:8499 ] - [ INFO ]  current speed:1000
2016-04-30 22:20:40  [ com.game.Teris$2.keyPressed(Teris.java:179):AWT-EventQueue-0:8583 ] - [ INFO ]  current speed:1000
2016-04-30 22:20:40  [ com.game.Teris$2.keyPressed(Teris.java:179):AWT-EventQueue-0:8667 ] - [ INFO ]  current speed:1000
2016-04-30 22:20:40  [ com.game.Teris$2.keyPressed(Teris.java:179):AWT-EventQueue-0:8750 ] - [ INFO ]  current speed:1000
2016-04-30 22:20:40  [ com.game.Teris$2.keyPressed(Teris.java:179):AWT-EventQueue-0:8803 ] - [ INFO ]  current speed:500
2016-04-30 22:20:41  [ com.game.Teris$2.keyPressed(Teris.java:179):AWT-EventQueue-0:9304 ] - [ INFO ]  current speed:250
2016-04-30 22:20:41  [ com.game.Teris$2.keyPressed(Teris.java:179):AWT-EventQueue-0:9388 ] - [ INFO ]  current speed:125
2016-04-30 22:20:41  [ com.game.Teris$2.keyPressed(Teris.java:179):AWT-EventQueue-0:9471 ] - [ INFO ]  current speed:62
2016-04-30 22:20:41  [ com.game.Teris$2.keyPressed(Teris.java:179):AWT-EventQueue-0:9556 ] - [ INFO ]  current speed:31
2016-04-30 22:20:41  [ com.game.Teris$2.keyPressed(Teris.java:179):AWT-EventQueue-0:9651 ] - [ INFO ]  current speed:15
2016-04-30 22:20:41  [ com.game.Teris$2.keyPressed(Teris.java:179):AWT-EventQueue-0:9735 ] - [ INFO ]  current speed:7
2016-04-30 22:20:41  [ com.game.Teris$2.keyPressed(Teris.java:179):AWT-EventQueue-0:9811 ] - [ INFO ]  current speed:3
2016-04-30 22:20:42  [ com.game.Teris$2.keyPressed(Teris.java:179):AWT-EventQueue-0:9894 ] - [ INFO ]  current speed:1
2016-04-30 22:20:42  [ com.game.shape.TriangleShape.<init>(TriangleShape.java:15):AWT-EventQueue-0:9932 ] - [ INFO ]  TriangleShape created with TOP
2016-04-30 22:20:42  [ com.game.Teris.loadShape(Teris.java:118):AWT-EventQueue-0:9932 ] - [ INFO ]  TRIANGLE
2016-04-30 22:20:42  [ com.game.Teris$2.keyPressed(Teris.java:179):AWT-EventQueue-0:10417 ] - [ INFO ]  current speed:1000
2016-04-30 22:20:42  [ com.game.Teris$2.keyPressed(Teris.java:179):AWT-EventQueue-0:10667 ] - [ INFO ]  current speed:1000
2016-04-30 22:20:42  [ com.game.Teris$2.keyPressed(Teris.java:179):AWT-EventQueue-0:10857 ] - [ INFO ]  current speed:1000
2016-04-30 22:20:43  [ com.game.shape.TriangleShape.changeShape(TriangleShape.java:51):AWT-EventQueue-0:11713 ] - [ INFO ]  ChairShape chaged to with RIGHT
2016-04-30 22:20:43  [ com.game.Teris$2.keyPressed(Teris.java:179):AWT-EventQueue-0:11714 ] - [ INFO ]  current speed:1000
2016-04-30 22:20:44  [ com.game.shape.TriangleShape.changeShape(TriangleShape.java:51):AWT-EventQueue-0:11986 ] - [ INFO ]  ChairShape chaged to with DOWN
2016-04-30 22:20:44  [ com.game.Teris$2.keyPressed(Teris.java:179):AWT-EventQueue-0:11986 ] - [ INFO ]  current speed:1000
2016-04-30 22:20:44  [ com.game.shape.TriangleShape.changeShape(TriangleShape.java:51):AWT-EventQueue-0:12235 ] - [ INFO ]  ChairShape chaged to with LEFT
2016-04-30 22:20:44  [ com.game.Teris$2.keyPressed(Teris.java:179):AWT-EventQueue-0:12236 ] - [ INFO ]  current speed:1000
2016-04-30 22:20:44  [ com.game.Teris$2.keyPressed(Teris.java:179):AWT-EventQueue-0:12662 ] - [ INFO ]  current speed:1000
2016-04-30 22:20:45  [ com.game.Teris$2.keyPressed(Teris.java:179):AWT-EventQueue-0:13133 ] - [ INFO ]  current speed:1000
2016-04-30 22:20:45  [ com.game.Teris$2.keyPressed(Teris.java:179):AWT-EventQueue-0:13419 ] - [ INFO ]  current speed:500
2016-04-30 22:20:46  [ com.game.Teris$2.keyPressed(Teris.java:179):AWT-EventQueue-0:13920 ] - [ INFO ]  current speed:250
2016-04-30 22:20:46  [ com.game.Teris$2.keyPressed(Teris.java:179):AWT-EventQueue-0:14004 ] - [ INFO ]  current speed:125
2016-04-30 22:20:46  [ com.game.Teris$2.keyPressed(Teris.java:179):AWT-EventQueue-0:14088 ] - [ INFO ]  current speed:62
2016-04-30 22:20:46  [ com.game.Teris$2.keyPressed(Teris.java:179):AWT-EventQueue-0:14171 ] - [ INFO ]  current speed:31
2016-04-30 22:20:46  [ com.game.Teris$2.keyPressed(Teris.java:179):AWT-EventQueue-0:14255 ] - [ INFO ]  current speed:15
2016-04-30 22:20:46  [ com.game.Teris$2.keyPressed(Teris.java:179):AWT-EventQueue-0:14340 ] - [ INFO ]  current speed:7
2016-04-30 22:20:46  [ com.game.Teris$2.keyPressed(Teris.java:179):AWT-EventQueue-0:14432 ] - [ INFO ]  current speed:3
2016-04-30 22:20:46  [ com.game.shape.ReverseSevenShape.<init>(ReverseSevenShape.java:15):AWT-EventQueue-0:14533 ] - [ INFO ]  ReverseSevenShape created with RIGHT
2016-04-30 22:20:46  [ com.game.Teris.loadShape(Teris.java:118):AWT-EventQueue-0:14534 ] - [ INFO ]  REVERSESEVEN
2016-04-30 22:20:48  [ com.game.Teris$2.keyPressed(Teris.java:179):AWT-EventQueue-0:16466 ] - [ INFO ]  current speed:1000
2016-04-30 22:20:49  [ com.game.shape.ReverseSevenShape.changeShape(ReverseSevenShape.java:51):AWT-EventQueue-0:17070 ] - [ INFO ]  ChairShape chaged to with DOWN
2016-04-30 22:20:49  [ com.game.Teris$2.keyPressed(Teris.java:179):AWT-EventQueue-0:17071 ] - [ INFO ]  current speed:1000
2016-04-30 22:20:49  [ com.game.shape.ReverseSevenShape.changeShape(ReverseSevenShape.java:51):AWT-EventQueue-0:17334 ] - [ INFO ]  ChairShape chaged to with LEFT
2016-04-30 22:20:49  [ com.game.Teris$2.keyPressed(Teris.java:179):AWT-EventQueue-0:17335 ] - [ INFO ]  current speed:1000
2016-04-30 22:20:49  [ com.game.shape.ReverseSevenShape.changeShape(ReverseSevenShape.java:51):AWT-EventQueue-0:17561 ] - [ INFO ]  ChairShape chaged to with TOP
2016-04-30 22:20:49  [ com.game.Teris$2.keyPressed(Teris.java:179):AWT-EventQueue-0:17561 ] - [ INFO ]  current speed:1000
2016-04-30 22:20:49  [ com.game.Teris$2.keyPressed(Teris.java:179):AWT-EventQueue-0:17765 ] - [ INFO ]  current speed:1000
2016-04-30 22:20:50  [ com.game.Teris$2.keyPressed(Teris.java:179):AWT-EventQueue-0:18151 ] - [ INFO ]  current speed:1000
2016-04-30 22:20:50  [ com.game.Teris$2.keyPressed(Teris.java:179):AWT-EventQueue-0:18508 ] - [ INFO ]  current speed:500
2016-04-30 22:20:51  [ com.game.Teris$2.keyPressed(Teris.java:179):AWT-EventQueue-0:19009 ] - [ INFO ]  current speed:250
2016-04-30 22:20:51  [ com.game.Teris$2.keyPressed(Teris.java:179):AWT-EventQueue-0:19094 ] - [ INFO ]  current speed:125
2016-04-30 22:20:51  [ com.game.Teris$2.keyPressed(Teris.java:179):AWT-EventQueue-0:19178 ] - [ INFO ]  current speed:62
2016-04-30 22:20:51  [ com.game.Teris$2.keyPressed(Teris.java:179):AWT-EventQueue-0:19262 ] - [ INFO ]  current speed:31
2016-04-30 22:20:51  [ com.game.Teris$2.keyPressed(Teris.java:179):AWT-EventQueue-0:19350 ] - [ INFO ]  current speed:15
2016-04-30 22:20:51  [ com.game.Teris$2.keyPressed(Teris.java:179):AWT-EventQueue-0:19432 ] - [ INFO ]  current speed:7
2016-04-30 22:20:51  [ com.game.Teris$2.keyPressed(Teris.java:179):AWT-EventQueue-0:19515 ] - [ INFO ]  current speed:3
2016-04-30 22:20:51  [ com.game.shape.ChairShape.<init>(ChairShape.java:15):AWT-EventQueue-0:19647 ] - [ INFO ]  ChairShape created with HORIZONTAL
2016-04-30 22:20:51  [ com.game.Teris.loadShape(Teris.java:118):AWT-EventQueue-0:19648 ] - [ INFO ]  CHAIR
2016-04-30 22:20:52  [ com.game.Teris$2.keyPressed(Teris.java:179):AWT-EventQueue-0:20468 ] - [ INFO ]  current speed:1000
2016-04-30 22:20:52  [ com.game.Teris$2.keyPressed(Teris.java:179):AWT-EventQueue-0:20782 ] - [ INFO ]  current speed:1000
2016-04-30 22:20:53  [ com.game.Teris$2.keyPressed(Teris.java:179):AWT-EventQueue-0:21736 ] - [ INFO ]  current speed:500
2016-04-30 22:20:54  [ com.game.Teris$2.keyPressed(Teris.java:179):AWT-EventQueue-0:22237 ] - [ INFO ]  current speed:250
2016-04-30 22:20:54  [ com.game.Teris$2.keyPressed(Teris.java:179):AWT-EventQueue-0:22321 ] - [ INFO ]  current speed:125
2016-04-30 22:20:54  [ com.game.Teris$2.keyPressed(Teris.java:179):AWT-EventQueue-0:22406 ] - [ INFO ]  current speed:62
2016-04-30 22:20:54  [ com.game.Teris$2.keyPressed(Teris.java:179):AWT-EventQueue-0:22490 ] - [ INFO ]  current speed:31
2016-04-30 22:20:54  [ com.game.Teris$2.keyPressed(Teris.java:179):AWT-EventQueue-0:22574 ] - [ INFO ]  current speed:15
2016-04-30 22:20:54  [ com.game.Teris$2.keyPressed(Teris.java:179):AWT-EventQueue-0:22658 ] - [ INFO ]  current speed:7
2016-04-30 22:20:54  [ com.game.Teris$2.keyPressed(Teris.java:179):AWT-EventQueue-0:22742 ] - [ INFO ]  current speed:3
2016-04-30 22:20:55  [ com.game.shape.SevenShape.<init>(SevenShape.java:15):AWT-EventQueue-0:22932 ] - [ INFO ]  SevenShape created with LEFT
2016-04-30 22:20:55  [ com.game.Teris.loadShape(Teris.java:118):AWT-EventQueue-0:22933 ] - [ INFO ]  SEVEN
2016-04-30 22:20:56  [ com.game.Teris$2.keyPressed(Teris.java:179):AWT-EventQueue-0:24776 ] - [ INFO ]  current speed:1000
2016-04-30 22:20:57  [ com.game.Teris$2.keyPressed(Teris.java:179):AWT-EventQueue-0:25335 ] - [ INFO ]  current speed:500
2016-04-30 22:20:57  [ com.game.Teris$2.keyPressed(Teris.java:179):AWT-EventQueue-0:25836 ] - [ INFO ]  current speed:250
2016-04-30 22:20:58  [ com.game.Teris$2.keyPressed(Teris.java:179):AWT-EventQueue-0:25920 ] - [ INFO ]  current speed:125
2016-04-30 22:20:58  [ com.game.Teris$2.keyPressed(Teris.java:179):AWT-EventQueue-0:26004 ] - [ INFO ]  current speed:62
2016-04-30 22:20:58  [ com.game.Teris$2.keyPressed(Teris.java:179):AWT-EventQueue-0:26088 ] - [ INFO ]  current speed:31
2016-04-30 22:20:58  [ com.game.Teris$2.keyPressed(Teris.java:179):AWT-EventQueue-0:26172 ] - [ INFO ]  current speed:15
2016-04-30 22:20:58  [ com.game.Teris$2.keyPressed(Teris.java:179):AWT-EventQueue-0:26262 ] - [ INFO ]  current speed:7
2016-04-30 22:20:58  [ com.game.shape.LongShape.<init>(LongShape.java:15):AWT-EventQueue-0:26460 ] - [ INFO ]  LongShape created with HORIZONTAL
2016-04-30 22:20:58  [ com.game.Teris.loadShape(Teris.java:118):AWT-EventQueue-0:26461 ] - [ INFO ]  LONG
2016-04-30 22:20:59  [ com.game.Teris$2.keyPressed(Teris.java:179):AWT-EventQueue-0:27224 ] - [ INFO ]  current speed:1000
2016-04-30 22:20:59  [ com.game.Teris$2.keyPressed(Teris.java:179):AWT-EventQueue-0:27635 ] - [ INFO ]  current speed:1000
2016-04-30 22:21:00  [ com.game.shape.LongShape.changeShape(LongShape.java:39):AWT-EventQueue-0:28589 ] - [ INFO ]  ChairShape chaged to with VERTICAL
2016-04-30 22:21:00  [ com.game.Teris$2.keyPressed(Teris.java:179):AWT-EventQueue-0:28590 ] - [ INFO ]  current speed:1000
2016-04-30 22:21:00  [ com.game.Teris$2.keyPressed(Teris.java:179):AWT-EventQueue-0:28797 ] - [ INFO ]  current speed:1000
2016-04-30 22:21:01  [ com.game.Teris$2.keyPressed(Teris.java:179):AWT-EventQueue-0:29298 ] - [ INFO ]  current speed:1000
2016-04-30 22:21:01  [ com.game.Teris$2.keyPressed(Teris.java:179):AWT-EventQueue-0:29382 ] - [ INFO ]  current speed:1000
2016-04-30 22:21:01  [ com.game.Teris$2.keyPressed(Teris.java:179):AWT-EventQueue-0:29466 ] - [ INFO ]  current speed:1000
2016-04-30 22:21:01  [ com.game.Teris$2.keyPressed(Teris.java:179):AWT-EventQueue-0:29550 ] - [ INFO ]  current speed:1000
2016-04-30 22:21:01  [ com.game.Teris$2.keyPressed(Teris.java:179):AWT-EventQueue-0:29634 ] - [ INFO ]  current speed:1000
2016-04-30 22:21:01  [ com.game.Teris$2.keyPressed(Teris.java:179):AWT-EventQueue-0:29719 ] - [ INFO ]  current speed:1000
2016-04-30 22:21:01  [ com.game.Teris$2.keyPressed(Teris.java:179):AWT-EventQueue-0:29804 ] - [ INFO ]  current speed:1000
2016-04-30 22:21:02  [ com.game.Teris$2.keyPressed(Teris.java:179):AWT-EventQueue-0:29888 ] - [ INFO ]  current speed:1000
2016-04-30 22:21:02  [ com.game.Teris$2.keyPressed(Teris.java:179):AWT-EventQueue-0:29949 ] - [ INFO ]  current speed:500
2016-04-30 22:21:02  [ com.game.Teris$2.keyPressed(Teris.java:179):AWT-EventQueue-0:30450 ] - [ INFO ]  current speed:250
2016-04-30 22:21:02  [ com.game.Teris$2.keyPressed(Teris.java:179):AWT-EventQueue-0:30534 ] - [ INFO ]  current speed:125
2016-04-30 22:21:03  [ com.game.Teris$2.keyPressed(Teris.java:179):AWT-EventQueue-0:30973 ] - [ INFO ]  current speed:62
2016-04-30 22:21:03  [ com.game.Teris$2.keyPressed(Teris.java:179):AWT-EventQueue-0:31185 ] - [ INFO ]  current speed:31
2016-04-30 22:21:03  [ com.game.Teris.loadShape(Teris.java:118):AWT-EventQueue-0:31829 ] - [ INFO ]  SQURE
2016-04-30 22:21:04  [ com.game.Teris$2.keyPressed(Teris.java:179):AWT-EventQueue-0:32852 ] - [ INFO ]  current speed:1000
2016-04-30 22:21:05  [ com.game.Teris$2.keyPressed(Teris.java:179):AWT-EventQueue-0:33079 ] - [ INFO ]  current speed:1000
2016-04-30 22:21:05  [ com.game.Teris$2.keyPressed(Teris.java:179):AWT-EventQueue-0:33271 ] - [ INFO ]  current speed:1000
2016-04-30 22:21:06  [ com.game.Teris$2.keyPressed(Teris.java:179):AWT-EventQueue-0:33895 ] - [ INFO ]  current speed:1000
2016-04-30 22:21:06  [ com.game.Teris$2.keyPressed(Teris.java:179):AWT-EventQueue-0:34298 ] - [ INFO ]  current speed:1000
2016-04-30 22:21:06  [ com.game.Teris$2.keyPressed(Teris.java:179):AWT-EventQueue-0:34582 ] - [ INFO ]  current speed:500
2016-04-30 22:21:07  [ com.game.Teris$2.keyPressed(Teris.java:179):AWT-EventQueue-0:35082 ] - [ INFO ]  current speed:250
2016-04-30 22:21:07  [ com.game.Teris$2.keyPressed(Teris.java:179):AWT-EventQueue-0:35167 ] - [ INFO ]  current speed:125
2016-04-30 22:21:07  [ com.game.Teris$2.keyPressed(Teris.java:179):AWT-EventQueue-0:35250 ] - [ INFO ]  current speed:62
2016-04-30 22:21:07  [ com.game.Teris$2.keyPressed(Teris.java:179):AWT-EventQueue-0:35335 ] - [ INFO ]  current speed:31
2016-04-30 22:21:07  [ com.game.Teris$2.keyPressed(Teris.java:179):AWT-EventQueue-0:35419 ] - [ INFO ]  current speed:15
2016-04-30 22:21:07  [ com.game.Teris$2.keyPressed(Teris.java:179):AWT-EventQueue-0:35506 ] - [ INFO ]  current speed:7
2016-04-30 22:21:07  [ com.game.Teris$2.keyPressed(Teris.java:179):AWT-EventQueue-0:35590 ] - [ INFO ]  current speed:3
2016-04-30 22:21:07  [ com.game.shape.SevenShape.<init>(SevenShape.java:15):AWT-EventQueue-0:35707 ] - [ INFO ]  SevenShape created with LEFT
2016-04-30 22:21:07  [ com.game.Teris.loadShape(Teris.java:118):AWT-EventQueue-0:35708 ] - [ INFO ]  SEVEN
